c:\users\luan\desktop\xmb_plugin\built\release\cellprx_xmb_plugin_stub.a
c:\users\luan\desktop\xmb_plugin\built\release\xmb_plugin.sprx
c:\users\luan\appdata\local\temp\ps3ppuld113762\lib.ent.o
c:\users\luan\appdata\local\temp\ps3ppuld99482\lib.ent.o
c:\users\luan\appdata\local\temp\ps3ppuld136202\lib.ent.o
c:\users\luan\appdata\local\temp\ps3ppuld110402\lib.ent.o
c:\users\luan\appdata\local\temp\ps3ppuld98882\lib.ent.o
c:\users\luan\appdata\local\temp\ps3ppuld147722\lib.ent.o
c:\users\luan\appdata\local\temp\ps3ppuld111442\lib.ent.o
c:\users\luan\appdata\local\temp\ps3ppuld119722\lib.ent.o
c:\users\luan\appdata\local\temp\ps3ppuld62042\lib.ent.o
c:\users\luan\appdata\local\temp\ps3ppuld112202\lib.ent.o
c:\users\luan\appdata\local\temp\ps3ppuld67482\lib.ent.o
c:\users\luan\appdata\local\temp\ps3ppuld113762\xmb_plugin
c:\users\luan\appdata\local\temp\ps3ppuld99482\xmb_plugin
c:\users\luan\appdata\local\temp\ps3ppuld136202\xmb_plugin
c:\users\luan\appdata\local\temp\ps3ppuld110402\xmb_plugin
c:\users\luan\appdata\local\temp\ps3ppuld98882\xmb_plugin
c:\users\luan\appdata\local\temp\ps3ppuld147722\xmb_plugin
c:\users\luan\appdata\local\temp\ps3ppuld111442\xmb_plugin
c:\users\luan\appdata\local\temp\ps3ppuld119722\xmb_plugin
c:\users\luan\appdata\local\temp\ps3ppuld62042\xmb_plugin
c:\users\luan\appdata\local\temp\ps3ppuld112202\xmb_plugin
c:\users\luan\appdata\local\temp\ps3ppuld67482\xmb_plugin
c:\users\luan\appdata\local\temp\ps3ppuld113762\lib.ent.s
c:\users\luan\appdata\local\temp\ps3ppuld99482\lib.ent.s
c:\users\luan\appdata\local\temp\ps3ppuld136202\lib.ent.s
c:\users\luan\appdata\local\temp\ps3ppuld110402\lib.ent.s
c:\users\luan\appdata\local\temp\ps3ppuld98882\lib.ent.s
c:\users\luan\appdata\local\temp\ps3ppuld147722\lib.ent.s
c:\users\luan\appdata\local\temp\ps3ppuld111442\lib.ent.s
c:\users\luan\appdata\local\temp\ps3ppuld119722\lib.ent.s
c:\users\luan\appdata\local\temp\ps3ppuld62042\lib.ent.s
c:\users\luan\appdata\local\temp\ps3ppuld112202\lib.ent.s
c:\users\luan\appdata\local\temp\ps3ppuld67482\lib.ent.s
c:\users\luan\desktop\xmb_plugin\xmb_plugin\ps3_release\common.o
c:\users\luan\desktop\xmb_plugin\xmb_plugin\ps3_release\detours.o
c:\users\luan\desktop\xmb_plugin\xmb_plugin\ps3_release\syscalls.o
c:\users\luan\desktop\xmb_plugin\xmb_plugin\ps3_release\timer.o
c:\users\luan\desktop\xmb_plugin\xmb_plugin\ps3_release\prxmain.o
c:\users\luan\desktop\xmb_plugin\xmb_plugin\ps3_release\xmb_plugin.o
c:\users\luan\desktop\xmb_plugin\xmb_plugin\ps3_release\xmb_plugin.write.1.tlog
c:\users\luan\desktop\xmb_plugin\\built\release\xmb_plugin.sprx
c:\users\luan\desktop\xmb_plugin\xmb_plugin\ps3_release\xmb_plugin.tlog\ps3ppuld64-make_fself.read.1.tlog
c:\users\luan\desktop\xmb_plugin\xmb_plugin\ps3_release\xmb_plugin.tlog\ps3ppuld64-make_fself.write.1.tlog
c:\users\luan\desktop\xmb_plugin\xmb_plugin\ps3_release\xmb_plugin.tlog\ps3ppuld64-ppu-lv2-as.read.1.tlog
c:\users\luan\desktop\xmb_plugin\xmb_plugin\ps3_release\xmb_plugin.tlog\ps3ppuld64-ppu-lv2-as.write.1.tlog
c:\users\luan\desktop\xmb_plugin\xmb_plugin\ps3_release\xmb_plugin.tlog\ps3ppuld64-ppu-lv2-prx-fixup.read.1.tlog
c:\users\luan\desktop\xmb_plugin\xmb_plugin\ps3_release\xmb_plugin.tlog\ps3ppuld64-ppu-lv2-prx-fixup.write.1.tlog
c:\users\luan\desktop\xmb_plugin\xmb_plugin\ps3_release\xmb_plugin.tlog\ps3ppuld64-ppu-lv2-prx-libgen.read.1.tlog
c:\users\luan\desktop\xmb_plugin\xmb_plugin\ps3_release\xmb_plugin.tlog\ps3ppuld64-ppu-lv2-prx-libgen.write.1.tlog
c:\users\luan\desktop\xmb_plugin\xmb_plugin\ps3_release\xmb_plugin.tlog\ps3ppuld64.command.1.tlog
c:\users\luan\desktop\xmb_plugin\xmb_plugin\ps3_release\xmb_plugin.tlog\ps3ppuld64.read.1.tlog
c:\users\luan\desktop\xmb_plugin\xmb_plugin\ps3_release\xmb_plugin.tlog\ps3ppuld64.write.1.tlog
c:\users\luan\desktop\xmb_plugin\xmb_plugin\ps3_release\xmb_plugin.tlog\ps3ppusnc.command.1.tlog
c:\users\luan\desktop\xmb_plugin\xmb_plugin\ps3_release\xmb_plugin.tlog\ps3ppusnc.read.1.tlog
c:\users\luan\desktop\xmb_plugin\xmb_plugin\ps3_release\xmb_plugin.tlog\ps3ppusnc.write.1.tlog
